<?xml version="1.0" encoding="UTF-8"?>
<!-- Generated by org.testng.reporters.JUnitReportReporter -->
<testsuite name="zdh.caseuse.SelectSpec" tests="1" time="0.072" ignored="0" failures="0" timestamp="06 Sep 2019 00:59:52 GMT" skipped="0" hostname="DESKTOP-B9VP6J3" errors="0">
  <testcase name="getSpec" time="0.072" classname="zdh.caseuse.SelectSpec"/>
</testsuite> <!-- zdh.caseuse.SelectSpec -->
