<?xml version="1.0" encoding="UTF-8"?>
<!-- Generated by org.testng.reporters.JUnitReportReporter -->
<testsuite name="zdh.caseuse.InsuranceCompany" tests="1" time="0.060" ignored="0" failures="0" timestamp="06 Sep 2019 00:59:52 GMT" skipped="0" hostname="DESKTOP-B9VP6J3" errors="0">
  <testcase name="getInsurance" time="0.060" classname="zdh.caseuse.InsuranceCompany"/>
</testsuite> <!-- zdh.caseuse.InsuranceCompany -->
