<?xml version="1.0" encoding="UTF-8"?>
<!-- Generated by org.testng.reporters.JUnitReportReporter -->
<testsuite name="zdh.caseuse.Depend1" tests="1" time="0.156" ignored="0" failures="0" timestamp="06 Sep 2019 00:59:52 GMT" skipped="0" hostname="DESKTOP-B9VP6J3" errors="0">
  <testcase name="getBrand" time="0.156" classname="zdh.caseuse.Depend1"/>
</testsuite> <!-- zdh.caseuse.Depend1 -->
